[1m[31mDebugger listening on ws://localhost:9229/e0feb641-d002-4141-9afa-36aa8bd71707
Debugger listening on ws://localhost:9229/e0feb641-d002-4141-9afa-36aa8bd71707
For help, see: https://nodejs.org/en/docs/inspector
[39m[22m
[1m[31mESM loader error: Error: Cannot find module '@systeme-sante/models'
Require stack:
- C:\Users\brand\IdeaProjects\awesome-humanoid-hardware-guide\apps\api\dist\main.js
[90m    at Module._resolveFilename (node:internal/modules/cjs/loader:1456:15)[31m
[90m    at defaultResolveImpl (node:internal/modules/cjs/loader:1066:19)[31m
[90m    at resolveForCJSWithHooks (node:internal/modules/cjs/loader:1071:22)[31m
[90m    at Module._load (node:internal/modules/cjs/loader:1242:25)[31m
[90m    at wrapModuleLoad (node:internal/modules/cjs/loader:255:19)[31m
[90m    at Module.require (node:internal/modules/cjs/loader:1556:12)[31m
[90m    at require (node:internal/modules/helpers:152:16)[31m
    at [90mC:\Users\brand\IdeaProjects\awesome-humanoid-hardware-guide\[31mapps\api\dist\external commonjs "@systeme-sante\models":1:35
    at [90mC:\Users\brand\IdeaProjects\awesome-humanoid-hardware-guide\[31mapps\api\dist\main.js:9688:3
    at Object.<anonymous> [90m(C:\Users\brand\IdeaProjects\awesome-humanoid-hardware-guide\[31mapps\api\dist\main.js:9690:12[90m)[31m {
  code: [32m'MODULE_NOT_FOUND'[31m,
  requireStack: [
    [32m'C:\\Users\\brand\\IdeaProjects\\awesome-humanoid-hardware-guide\\apps\\api\\dist\\main.js'[31m
  ]
}
[39m[22m
[1m[31mDebugger listening on ws://localhost:9229/cdde107a-8612-43f9-8313-1412f838e8c9
Debugger listening on ws://localhost:9229/cdde107a-8612-43f9-8313-1412f838e8c9
For help, see: https://nodejs.org/en/docs/inspector
[39m[22m
[1m[31mESM loader error: Error: Cannot find module '@systeme-sante/models'
Require stack:
- C:\Users\brand\IdeaProjects\awesome-humanoid-hardware-guide\apps\api\dist\main.js
[90m    at Module._resolveFilename (node:internal/modules/cjs/loader:1456:15)[31m
[90m    at defaultResolveImpl (node:internal/modules/cjs/loader:1066:19)[31m
[90m    at resolveForCJSWithHooks (node:internal/modules/cjs/loader:1071:22)[31m
[90m    at Module._load (node:internal/modules/cjs/loader:1242:25)[31m
[90m    at wrapModuleLoad (node:internal/modules/cjs/loader:255:19)[31m
[90m    at Module.require (node:internal/modules/cjs/loader:1556:12)[31m
[90m    at require (node:internal/modules/helpers:152:16)[31m
    at [90mC:\Users\brand\IdeaProjects\awesome-humanoid-hardware-guide\[31mapps\api\dist\external commonjs "@systeme-sante\models":1:35
    at [90mC:\Users\brand\IdeaProjects\awesome-humanoid-hardware-guide\[31mapps\api\dist\main.js:9688:3
    at Object.<anonymous> [90m(C:\Users\brand\IdeaProjects\awesome-humanoid-hardware-guide\[31mapps\api\dist\main.js:9690:12[90m)[31m {
  code: [32m'MODULE_NOT_FOUND'[31m,
  requireStack: [
    [32m'C:\\Users\\brand\\IdeaProjects\\awesome-humanoid-hardware-guide\\apps\\api\\dist\\main.js'[31m
  ]
}
[39m[22m
